This is pdfTeX, Version 3.141592653-2.6-1.40.28 (TeX Live 2025) (preloaded format=pdflatex 2025.6.25)  1 JUL 2025 11:53
entering extended mode
 restricted \write18 enabled.
 file:line:error style messages enabled.
 %&-line parsing enabled.
**4D_Rotating_Horava_1e.tex
(./4D_Rotating_Horava_1e.tex
LaTeX2e <2025-06-01> patch level 1
L3 programming layer <2025-05-26>
(/usr/local/texlive/2025/texmf-dist/tex/latex/revtex4/revtex4.cls
Document Class: revtex4 2020/09/30 v4.0a (http://publish.aps.org/revtex4/ for documentation)
 Copyright (c) 2001 The American Physical Society.
 mailto:revtex@aps.org
 Licensed under the LPPL:
http://www.ctan.org/tex-archive/macros/latex/base/lppl.txt
 Arthur Ogawa <ogawa@teleport.com>
 Based on work by David Carlisle <david@dcarlisle.demon.co.uk>.
ltxutil: portions licensed from W. E. Baxter (web@superscript.com)
Class revtex4 Info: Repairing broken LateX \@sect on input line 640.
\intertabularlinepenalty=\count275
\@tbpen=\count276
\@arstrutbox@hline=\box53
Class revtex4 Info: Repairing broken LaTeX \@xbitor on input line 1654.
ltxgrid: portions licensed from W. E. Baxter (web@superscript.com)
\c@linecount=\count277
\output=\toks17
\@protection@box=\box54
\@topmark@saved=\toks18
\footins@saved=\box55
\pagesofar=\box56
\footbox=\box57
\pagegrid@col=\count278
Class revtex4 Info: Incorporating package {textcase}  [1998/11/12 v0.06 Text only upper/lower case changing (DPC)]. on input line 3736.
(/usr/local/texlive/2025/texmf-dist/tex/latex/url/url.sty
\Urlmuskip=\muskip17
Package: url 2013/09/16  ver 3.4  Verb mode for urls, etc.
)
\c@affil=\count279
\absbox=\box58
\c@part=\count280
\c@section=\count281
\c@subsection=\count282
\c@subsubsection=\count283
\c@paragraph=\count284
\c@subparagraph=\count285
\abovecaptionskip=\skip49
\belowcaptionskip=\skip50
\c@figure=\count286
\c@table=\count287
 (/usr/local/texlive/2025/texmf-dist/tex/latex/natbib/natbib.sty
Package: natbib 2010/09/13 8.31b (PWD, AO)
\bibhang=\skip51
\bibsep=\skip52
LaTeX Info: Redefining \cite on input line 694.
\c@NAT@ctr=\count288
)
\widetext@top=\box59
\widetext@bot=\box60
 (/usr/local/texlive/2025/texmf-dist/tex/latex/revtex4/revsymb.sty
Package: revsymb 2020/09/30 v4.0a (http://publish.aps.org/revtex4/ for documentation)
LaTeX Info: Redefining \REV@mathfrak on input line 118.
)) (/usr/local/texlive/2025/texmf-dist/tex/latex/revtex4/aps.rtx
File: aps.rtx 2020/09/30 v4.0a (http://publish.aps.org/revtex4/ for documentation)
) (/usr/local/texlive/2025/texmf-dist/tex/latex/revtex4/12pt.rtx
File: 12pt.rtx 2020/09/30 v4.0a (http://publish.aps.org/revtex4/ for documentation)
) (/usr/local/texlive/2025/texmf-dist/tex/latex/base/latexsym.sty
Package: latexsym 1998/08/17 v2.2e Standard LaTeX package (lasy symbols)
\symlasy=\mathgroup4
LaTeX Font Info:    Overwriting symbol font `lasy' in version `bold'
(Font)                  U/lasy/m/n --> U/lasy/b/n on input line 52.
) (/usr/local/texlive/2025/texmf-dist/tex/latex/graphics/graphicx.sty
Package: graphicx 2024/12/31 v1.2e Enhanced LaTeX Graphics (DPC,SPQR)
 (/usr/local/texlive/2025/texmf-dist/tex/latex/graphics/keyval.sty
Package: keyval 2022/05/29 v1.15 key=value parser (DPC)
\KV@toks@=\toks19
) (/usr/local/texlive/2025/texmf-dist/tex/latex/graphics/graphics.sty
Package: graphics 2024/08/06 v1.4g Standard LaTeX Graphics (DPC,SPQR)
 (/usr/local/texlive/2025/texmf-dist/tex/latex/graphics/trig.sty
Package: trig 2023/12/02 v1.11 sin cos tan (DPC)
) (/usr/local/texlive/2025/texmf-dist/tex/latex/graphics-cfg/graphics.cfg
File: graphics.cfg 2016/06/04 v1.11 sample graphics configuration
)
Package graphics Info: Driver file: dvips.def on input line 106.
 (/usr/local/texlive/2025/texmf-dist/tex/latex/graphics-def/dvips.def
File: dvips.def 2022/09/22 v3.1e Graphics/color driver for dvips
))
\Gin@req@height=\dimen148
\Gin@req@width=\dimen149
) (/usr/local/texlive/2025/texmf-dist/tex/latex/l3backend/l3backend-pdftex.def
File: l3backend-pdftex.def 2025-04-14 L3 backend support: PDF output (pdfTeX)
\l__color_backend_stack_int=\count289
) (./4D_Rotating_Horava_1e.aux)
\openout1 = `4D_Rotating_Horava_1e.aux'.

LaTeX Font Info:    Checking defaults for OML/cmm/m/it on input line 104.
LaTeX Font Info:    ... okay on input line 104.
LaTeX Font Info:    Checking defaults for OMS/cmsy/m/n on input line 104.
LaTeX Font Info:    ... okay on input line 104.
LaTeX Font Info:    Checking defaults for OT1/cmr/m/n on input line 104.
LaTeX Font Info:    ... okay on input line 104.
LaTeX Font Info:    Checking defaults for T1/cmr/m/n on input line 104.
LaTeX Font Info:    ... okay on input line 104.
LaTeX Font Info:    Checking defaults for TS1/cmr/m/n on input line 104.
LaTeX Font Info:    ... okay on input line 104.
LaTeX Font Info:    Checking defaults for OMX/cmex/m/n on input line 104.
LaTeX Font Info:    ... okay on input line 104.
LaTeX Font Info:    Checking defaults for U/cmr/m/n on input line 104.
LaTeX Font Info:    ... okay on input line 104.
Class revtex4 Info: Unrecognized LaTeX tabular. Please update this document class! (Proceeding with fingers crossed.) on input line 104.
Class revtex4 Info: cite was not loaded (OK!) on input line 104.
Class revtex4 Info: multicol was not loaded (OK!) on input line 104.
LaTeX Font Info:    External font `cmex10' loaded for size
(Font)              <10.95> on input line 132.
LaTeX Font Info:    External font `cmex10' loaded for size
(Font)              <8> on input line 132.
LaTeX Font Info:    External font `cmex10' loaded for size
(Font)              <6> on input line 132.
LaTeX Font Info:    Trying to load font information for U+lasy on input line 132.
 (/usr/local/texlive/2025/texmf-dist/tex/latex/base/ulasy.fd
File: ulasy.fd 1998/08/17 v2.2e LaTeX symbol font definitions
)
LaTeX Font Info:    External font `cmex10' loaded for size
(Font)              <12> on input line 154.
LaTeX Font Info:    External font `cmex10' loaded for size
(Font)              <5> on input line 154.
LaTeX Font Info:    External font `cmex10' loaded for size
(Font)              <7> on input line 154.
 [1{/usr/local/texlive/2025/texmf-var/fonts/map/pdftex/updmap/pdftex.map}]

Package natbib Warning: Citation `Kerr:1963' on page 2 undefined on input line 160.


Package natbib Warning: Citation `Chan:1985' on page 2 undefined on input line 160.


Package natbib Warning: Citation `Cart:1973' on page 2 undefined on input line 162.


Package natbib Warning: Citation `Walk:1970' on page 2 undefined on input line 162.


Package natbib Warning: Citation `DeWi:1967' on page 2 undefined on input line 197.


Package natbib Warning: Citation `Hora:2009' on page 2 undefined on input line 197.

[2]

LaTeX Warning: Reference `horava' on page 3 undefined on input line 218.


Package natbib Warning: Citation `Blas:2009' on page 3 undefined on input line 218.


Package natbib Warning: Citation `Hora:2009' on page 3 undefined on input line 243.


Package natbib Warning: Citation `Park:2009' on page 3 undefined on input line 243.


LaTeX Warning: Reference `horava' on page 3 undefined on input line 256.


Package natbib Warning: Citation `Jaco:2013' on page 3 undefined on input line 256.


Package natbib Warning: Citation `Blas:2011' on page 3 undefined on input line 256.


LaTeX Warning: Reference `horava' on page 3 undefined on input line 256.


Package natbib Warning: Citation `Park:2023' on page 3 undefined on input line 262.

[3]

Package natbib Warning: Citation `Cart:1973' on page 4 undefined on input line 281.


Package natbib Warning: Citation `Gibb:1977' on page 4 undefined on input line 281.


Package natbib Warning: Citation `Park:2001' on page 4 undefined on input line 281.


LaTeX Warning: Reference `massless_Kerr' on page 4 undefined on input line 281.


LaTeX Warning: Reference `massless_Kerr' on page 4 undefined on input line 298.


Package natbib Warning: Citation `Gibb:2017' on page 4 undefined on input line 298.


LaTeX Warning: Reference `massless_Kerr' on page 4 undefined on input line 298.


LaTeX Warning: Reference `eom1' on page 4 undefined on input line 313.


LaTeX Warning: Reference `eom3' on page 4 undefined on input line 313.


LaTeX Warning: Reference `massive_Kerr_metric' on page 4 undefined on input line 313.

[4]

Package natbib Warning: Citation `Bana:1992' on page 5 undefined on input line 338.


Package natbib Warning: Citation `Deve:2021' on page 5 undefined on input line 345.


LaTeX Warning: Reference `massive_Kerr_metric' on page 5 undefined on input line 352.


LaTeX Warning: Reference `3D_curvature' on page 5 undefined on input line 368.


LaTeX Warning: Reference `3D_curvature' on page 5 undefined on input line 377.


Package natbib Warning: Citation `Lu:2009' on page 5 undefined on input line 378.


Package natbib Warning: Citation `Park:2012' on page 5 undefined on input line 378.


LaTeX Warning: Reference `3D_curvature' on page 5 undefined on input line 378.


LaTeX Warning: Reference `4D_curvature' on page 5 undefined on input line 378.

[5]

LaTeX Warning: File `singularity.eps' not found on input line 392.


./4D_Rotating_Horava_1e.tex:392: LaTeX Error: File `singularity.eps' not found.

See the LaTeX manual or LaTeX Companion for explanation.
Type  H <return>  for immediate help.
 ...                                              
                                                  
l.392 ...dth=7cm,keepaspectratio]{singularity.eps}
                                                  
Try typing  <return>  to proceed.
If that doesn't work, type  X <return>  to quit.


./4D_Rotating_Horava_1e.tex:392: LaTeX Error: Cannot determine size of graphic in singularity.eps (no BoundingBox).

See the LaTeX manual or LaTeX Companion for explanation.
Type  H <return>  for immediate help.
 ...                                              
                                                  
l.392 ...dth=7cm,keepaspectratio]{singularity.eps}
                                                  
Try typing  <return>  to proceed.
If that doesn't work, type  X <return>  to quit.

File: singularity.eps Graphic file (type eps)
<singularity.eps>

LaTeX Warning: File `r0.eps' not found on input line 394.


./4D_Rotating_Horava_1e.tex:394: LaTeX Error: File `r0.eps' not found.

See the LaTeX manual or LaTeX Companion for explanation.
Type  H <return>  for immediate help.
 ...                                              
                                                  
l.394 ...aphics[width=7cm,keepaspectratio]{r0.eps}
                                                  
Try typing  <return>  to proceed.
If that doesn't work, type  X <return>  to quit.


./4D_Rotating_Horava_1e.tex:394: LaTeX Error: Cannot determine size of graphic in r0.eps (no BoundingBox).

See the LaTeX manual or LaTeX Companion for explanation.
Type  H <return>  for immediate help.
 ...                                              
                                                  
l.394 ...aphics[width=7cm,keepaspectratio]{r0.eps}
                                                  
Try typing  <return>  to proceed.
If that doesn't work, type  X <return>  to quit.

File: r0.eps Graphic file (type eps)
<r0.eps> [6
Non-PDF special ignored!
<special> PSfile="singularity.eps" llx=0 lly=0 urx=72 ury=72 rwi=1984 
Non-PDF special ignored!
<special> PSfile="r0.eps" llx=0 lly=0 urx=72 ury=72 rwi=1984 
]

LaTeX Warning: Reference `eom1' on page 7 undefined on input line 414.


LaTeX Warning: Reference `eom3' on page 7 undefined on input line 414.


LaTeX Warning: Reference `0th law' on page 7 undefined on input line 434.


LaTeX Warning: Reference `0th law' on page 7 undefined on input line 434.


LaTeX Warning: Reference `metric' on page 7 undefined on input line 445.


LaTeX Warning: Reference `metric' on page 7 undefined on input line 445.

[7]

LaTeX Warning: Reference `geodesic' on page 8 undefined on input line 458.


Package natbib Warning: Citation `Chan:1985' on page 8 undefined on input line 460.


LaTeX Warning: Reference `dtdr' on page 8 undefined on input line 470.


LaTeX Warning: Reference `dpdr' on page 8 undefined on input line 470.


LaTeX Warning: File `barrier_null-like.eps' not found on input line 473.


./4D_Rotating_Horava_1e.tex:473: LaTeX Error: File `barrier_null-like.eps' not found.

See the LaTeX manual or LaTeX Companion for explanation.
Type  H <return>  for immediate help.
 ...                                              
                                                  
l.473 ...m,keepaspectratio]{barrier_null-like.eps}
                                                  
Try typing  <return>  to proceed.
If that doesn't work, type  X <return>  to quit.


./4D_Rotating_Horava_1e.tex:473: LaTeX Error: Cannot determine size of graphic in barrier_null-like.eps (no BoundingBox).

See the LaTeX manual or LaTeX Companion for explanation.
Type  H <return>  for immediate help.
 ...                                              
                                                  
l.473 ...m,keepaspectratio]{barrier_null-like.eps}
                                                  
Try typing  <return>  to proceed.
If that doesn't work, type  X <return>  to quit.

File: barrier_null-like.eps Graphic file (type eps)
<barrier_null-like.eps>

LaTeX Warning: File `barrier_time-like.eps' not found on input line 475.


./4D_Rotating_Horava_1e.tex:475: LaTeX Error: File `barrier_time-like.eps' not found.

See the LaTeX manual or LaTeX Companion for explanation.
Type  H <return>  for immediate help.
 ...                                              
                                                  
l.475 ...m,keepaspectratio]{barrier_time-like.eps}
                                                  
Try typing  <return>  to proceed.
If that doesn't work, type  X <return>  to quit.


./4D_Rotating_Horava_1e.tex:475: LaTeX Error: Cannot determine size of graphic in barrier_time-like.eps (no BoundingBox).

See the LaTeX manual or LaTeX Companion for explanation.
Type  H <return>  for immediate help.
 ...                                              
                                                  
l.475 ...m,keepaspectratio]{barrier_time-like.eps}
                                                  
Try typing  <return>  to proceed.
If that doesn't work, type  X <return>  to quit.

File: barrier_time-like.eps Graphic file (type eps)
<barrier_time-like.eps> [8]

Package natbib Warning: Citation `Gibb:2004' on page 9 undefined on input line 488.


Package natbib Warning: Citation `Gibb:2004' on page 9 undefined on input line 488.


Package natbib Warning: Citation `Gibb:2004' on page 9 undefined on input line 488.


Package natbib Warning: Citation `Park:2023' on page 9 undefined on input line 490.

[9
Non-PDF special ignored!
<special> PSfile="barrier_null-like.eps" llx=0 lly=0 urx=72 ury=72 rwi=1984...
Non-PDF special ignored!
<special> PSfile="barrier_time-like.eps" llx=0 lly=0 urx=72 ury=72 rwi=1984...
]

LaTeX Warning: Reference `f,g_sol' on page 10 undefined on input line 510.


Package natbib Warning: Citation `Curi:1979' on page 10 undefined on input line 532.


Package natbib Warning: Citation `Klemm:2004' on page 10 undefined on input line 532.


Package natbib Warning: Citation `Park:2006' on page 10 undefined on input line 532.


Package natbib Warning: Citation `Cveti:2018' on page 10 undefined on input line 532.


Package natbib Warning: Citation `Cart:1973' on page 10 undefined on input line 538.


Package natbib Warning: Citation `Gibb:1977' on page 10 undefined on input line 538.


Package natbib Warning: Citation `Hawk:1998' on page 10 undefined on input line 538.


Package natbib Warning: Citation `Henn:1985' on page 10 undefined on input line 538.


Package natbib Warning: Citation `Cald:1999' on page 10 undefined on input line 538.


Package natbib Warning: Citation `Gibb:2004b' on page 10 undefined on input line 538.


Package natbib Warning: Citation `Deve:2021' on page 10 undefined on input line 540.


Package natbib Warning: Citation `Cart:1973' on page 10 undefined on input line 542.


Package natbib Warning: Citation `Gibb:1977' on page 10 undefined on input line 542.


Package natbib Warning: Citation `Henn:1985' on page 10 undefined on input line 542.


Package natbib Warning: Citation `Hawk:1998' on page 10 undefined on input line 542.


Package natbib Warning: Citation `Cald:1999' on page 10 undefined on input line 542.


LaTeX Warning: Reference `KAdS_ansatz' on page 10 undefined on input line 547.


Package natbib Warning: Citation `Cart:1973' on page 10 undefined on input line 548.


Package natbib Warning: Citation `Henn:1985' on page 10 undefined on input line 548.


Package natbib Warning: Citation `Park:2023' on page 10 undefined on input line 548.


LaTeX Warning: Reference `M,J_KdS' on page 10 undefined on input line 550.


LaTeX Warning: Reference `1st law' on page 10 undefined on input line 550.


Package natbib Warning: Citation `Hawk:1998' on page 10 undefined on input line 550.


Package natbib Warning: Citation `Henn:1985' on page 10 undefined on input line 550.

[10]

LaTeX Warning: Reference `delg3' on page 11 undefined on input line 566.


LaTeX Warning: Reference `horava' on page 11 undefined on input line 566.


Package natbib Warning: Citation `Suda:1992' on page 11 undefined on input line 569.


Package natbib Warning: Citation `Kiri:2009' on page 11 undefined on input line 569.


Package natbib Warning: Citation `Lin:2014' on page 11 undefined on input line 569.


Overfull \hbox (3.03294pt too wide) in alignment at lines 572--576
 [][][] []
 []


LaTeX Warning: Reference `KAdS_ansatz' on page 11 undefined on input line 577.


LaTeX Warning: Reference `KAdS_sol' on page 11 undefined on input line 577.


LaTeX Warning: Reference `noble_coupling' on page 11 undefined on input line 584.


Package natbib Warning: Citation `Rest:2019' on page 11 undefined on input line 584.


Package natbib Warning: Citation `Park:2009' on page 11 undefined on input line 584.


LaTeX Warning: Reference `1st law' on page 11 undefined on input line 586.


Package natbib Warning: Citation `Cald:1999' on page 11 undefined on input line 586.

[11]

LaTeX Warning: Reference `1st law_charged' on page 12 undefined on input line 601.


LaTeX Warning: Reference `M,J_KdS' on page 12 undefined on input line 601.


Overfull \hbox (33.42902pt too wide) in alignment at lines 612--617
 [][][] []
 []


Package natbib Warning: Citation `Hawk:1971' on page 12 undefined on input line 618.


Package natbib Warning: Citation `Penr:1969' on page 12 undefined on input line 618.


Package natbib Warning: Citation `LIGO:2017' on page 12 undefined on input line 622.


Package natbib Warning: Citation `LIGO:2017' on page 12 undefined on input line 627.


LaTeX Warning: Reference `GRB' on page 12 undefined on input line 627.


LaTeX Warning: Reference `GRB' on page 12 undefined on input line 627.


LaTeX Warning: Reference `GRB' on page 12 undefined on input line 627.


Package natbib Warning: Citation `Emir:2017' on page 12 undefined on input line 629.


Package natbib Warning: Citation `Gong:2018' on page 12 undefined on input line 629.


LaTeX Warning: Reference `GRB' on page 12 undefined on input line 629.


LaTeX Warning: Reference `GRB' on page 12 undefined on input line 629.


Package natbib Warning: Citation `Park:2009' on page 12 undefined on input line 629.

[12]

Package natbib Warning: Citation `Blas:2011' on page 13 undefined on input line 631.


Package natbib Warning: Citation `Emir:2017' on page 13 undefined on input line 631.


Package natbib Warning: Citation `Will:2014' on page 13 undefined on input line 631.


LaTeX Warning: Reference `alpha_1' on page 13 undefined on input line 640.


LaTeX Warning: Reference `alpha_2' on page 13 undefined on input line 640.


LaTeX Warning: Reference `alpha_2' on page 13 undefined on input line 642.


LaTeX Warning: Reference `alpha_1' on page 13 undefined on input line 646.


Package natbib Warning: Citation `Empa:2003' on page 13 undefined on input line 652.


Underfull \hbox (badness 10000) in paragraph at lines 652--653

 []


Package natbib Warning: Citation `Fran:2023' on page 13 undefined on input line 654.


Package natbib Warning: Citation `Adam:2021' on page 13 undefined on input line 654.


Package natbib Warning: Citation `LIGO:2017' on page 13 undefined on input line 654.


Package natbib Warning: Citation `Emir:2017' on page 13 undefined on input line 654.


Package natbib Warning: Citation `Gong:2018' on page 13 undefined on input line 654.

[13]

LaTeX Warning: Reference `T_eff' on page 14 undefined on input line 671.


LaTeX Warning: Reference `metric' on page 14 undefined on input line 715.


LaTeX Warning: Reference `metric' on page 14 undefined on input line 717.


LaTeX Warning: Reference `delg3' on page 14 undefined on input line 721.


LaTeX Warning: Reference `D1' on page 14 undefined on input line 735.


LaTeX Warning: Reference `D3' on page 14 undefined on input line 735.

[14]

LaTeX Warning: Reference `metric' on page 15 undefined on input line 745.


LaTeX Warning: Reference `delg3' on page 15 undefined on input line 746.


LaTeX Warning: Reference `horava' on page 15 undefined on input line 748.


LaTeX Warning: Reference `horava' on page 15 undefined on input line 752.


LaTeX Warning: Reference `massive_Kerr_metric' on page 15 undefined on input line 756.


Package natbib Warning: Citation `Aran:2015' on page 15 undefined on input line 764.


Package natbib Warning: Citation `Owen:2021' on page 15 undefined on input line 764.


LaTeX Warning: Reference `massive_Kerr_metric' on page 15 undefined on input line 767.


Package natbib Warning: Citation `Cart:1973' on page 15 undefined on input line 770.


Package natbib Warning: Citation `Walk:1970' on page 15 undefined on input line 770.


Package natbib Warning: Citation `Cart:1973' on page 15 undefined on input line 770.


LaTeX Warning: Reference `null_new' on page 15 undefined on input line 772.

[15]

LaTeX Warning: Reference `Killing_condition' on page 16 undefined on input line 777.


Package natbib Warning: Citation `Chan:1985' on page 16 undefined on input line 786.


Overfull \hbox (8.97523pt too wide) in alignment at lines 791--803
 [][][] []
 []


LaTeX Warning: Reference `HJ_master' on page 16 undefined on input line 804.


LaTeX Warning: Reference `delg3' on page 16 undefined on input line 815.


LaTeX Warning: Reference `covmax' on page 16 undefined on input line 818.

[16]

LaTeX Warning: Reference `LV_Max-action' on page 17 undefined on input line 832.


LaTeX Warning: Reference `LastBibItem' on page 17 undefined on input line 858.

[17]

Package natbib Warning: There were undefined citations.

[18] (./4D_Rotating_Horava_1e.aux

Package natbib Warning: Citation(s) may have changed.
(natbib)                Rerun to get citations correct.

)
 ***********
LaTeX2e <2025-06-01> patch level 1
L3 programming layer <2025-05-26>
 ***********


LaTeX Warning: There were undefined references.


LaTeX Warning: Label(s) may have changed. Rerun to get cross-references right.

 ) 
Here is how much of TeX's memory you used:
 2885 strings out of 467886
 41564 string characters out of 5434045
 465569 words of memory out of 5000000
 31453 multiletter control sequences out of 15000+600000
 636425 words of font info for 75 fonts, out of 8000000 for 9000
 1141 hyphenation exceptions out of 8191
 57i,12n,65p,1315b,313s stack positions out of 10000i,1000n,20000p,200000b,200000s
</usr/local/texlive/2025/texmf-dist/fonts/type1/public/amsfonts/cm/cmbx10.pfb></usr/local/texlive/2025/texmf-dist/fonts/type1/public/amsfonts/cm/cmbx12.pfb></usr/local/texlive/2025/texmf-dist/fonts/type1/public/amsfonts/cm/cmbx8.pfb></usr/local/texlive/2025/texmf-dist/fonts/type1/public/amsfonts/cm/cmex10.pfb></usr/local/texlive/2025/texmf-dist/fonts/type1/public/amsfonts/cm/cmmi10.pfb></usr/local/texlive/2025/texmf-dist/fonts/type1/public/amsfonts/cm/cmmi12.pfb></usr/local/texlive/2025/texmf-dist/fonts/type1/public/amsfonts/cm/cmmi5.pfb></usr/local/texlive/2025/texmf-dist/fonts/type1/public/amsfonts/cm/cmmi6.pfb></usr/local/texlive/2025/texmf-dist/fonts/type1/public/amsfonts/cm/cmmi7.pfb></usr/local/texlive/2025/texmf-dist/fonts/type1/public/amsfonts/cm/cmmi8.pfb></usr/local/texlive/2025/texmf-dist/fonts/type1/public/amsfonts/cm/cmr10.pfb></usr/local/texlive/2025/texmf-dist/fonts/type1/public/amsfonts/cm/cmr12.pfb></usr/local/texlive/2025/texmf-dist/fonts/type1/public/amsfonts/cm/cmr5.pfb></usr/local/texlive/2025/texmf-dist/fonts/type1/public/amsfonts/cm/cmr6.pfb></usr/local/texlive/2025/texmf-dist/fonts/type1/public/amsfonts/cm/cmr7.pfb></usr/local/texlive/2025/texmf-dist/fonts/type1/public/amsfonts/cm/cmr8.pfb></usr/local/texlive/2025/texmf-dist/fonts/type1/public/amsfonts/cm/cmsy10.pfb></usr/local/texlive/2025/texmf-dist/fonts/type1/public/amsfonts/cm/cmsy6.pfb></usr/local/texlive/2025/texmf-dist/fonts/type1/public/amsfonts/cm/cmsy7.pfb></usr/local/texlive/2025/texmf-dist/fonts/type1/public/amsfonts/cm/cmsy8.pfb></usr/local/texlive/2025/texmf-dist/fonts/type1/public/amsfonts/cm/cmti10.pfb></usr/local/texlive/2025/texmf-dist/fonts/type1/public/amsfonts/cm/cmti12.pfb></usr/local/texlive/2025/texmf-dist/fonts/type1/public/amsfonts/cm/cmti8.pfb>
Output written on 4D_Rotating_Horava_1e.pdf (18 pages, 368741 bytes).
PDF statistics:
 178 PDF objects out of 1000 (max. 8388607)
 110 compressed objects within 2 object streams
 0 named destinations out of 1000 (max. 500000)
 1 words of extra memory for PDF output out of 10000 (max. 10000000)

